0.0 0
0.0612373 0.061
0.128251 0.06175
0.198267 0.0627812
0.268283 0.0636836
0.335152 0.0728481
0.341445 0.0728671
0.405168 0.0725087
0.411461 0.0729451
0.417755 0.073327
0.475184 0.0729111
0.481477 0.0732972
0.487771 0.0736351
0.494064 0.0740557
0.542053 0.0804237
0.548347 0.0794958
0.55464 0.0786838
0.560933 0.0787233
0.567227 0.0788829
0.57352 0.0788975
0.608923 0.0832853
0.615216 0.0819997
0.621509 0.0808747
0.627803 0.0806404
0.634096 0.0805603
0.640389 0.0804903
0.646683 0.081179
0.652976 0.0816566
0.659269 0.0821995
0.675792 0.0846746
0.682085 0.0833403
0.688379 0.0820477
0.694672 0.0816668
0.700965 0.0813334
0.707259 0.0811667
0.849819 0.0797709
0.856112 0.0785495
0.862405 0.0774808
0.868699 0.0765457
0.874992 0.0757275
0.881285 0.0750116
0.887579 0.0743851
0.910395 0.075962
0.919835 0.0752167
0.926128 0.0745646
0.932421 0.0739941
0.938715 0.0734948
0.945008 0.073183
0.951301 0.0727851
0.957595 0.072437
0.980411 0.0721323
0.989851 0.0718658
0.996144 0.0716326
1.00244 0.0714285
1.00873 0.0712499
1.01502 0.0710937
1.02132 0.070957
1.02761 0.0708374
1.05043 0.0707327
1.05987 0.0706411
1.06616 0.071436
1.07245 0.0720065
1.07875 0.0725057
1.08504 0.0730674
1.09133 0.073434
1.09763 0.0737548
1.1173 0.0757854
1.12674 0.0758122
1.13626 0.0759607
1.26056 0.0755906
1.27009 0.0753918
1.27638 0.0747178
1.28582 0.0745031
1.33058 0.0739402
1.3401 0.0734477
1.34639 0.0730167
1.35583 0.0726396
1.40059 0.0723097
1.41012 0.072021
1.41641 0.0717683
1.42585 0.0715473
1.47061 0.0713539
1.47699 0.0719347
1.48328 0.0720678
1.49272 0.0725593
1.53748 0.0774894
1.54386 0.0769282
1.55015 0.0765622
1.55959 0.0764919
1.60435 0.0809304
1.61073 0.0799391
1.61702 0.0791967
1.62331 0.0784222
1.62961 0.0773694
1.67436 0.0764482
1.68074 0.0756422
1.68703 0.0749369
1.69333 0.0743198
1.69962 0.0737798
1.74438 0.0733073
1.75076 0.0728939
1.75705 0.0725322
1.76334 0.0722157
1.76964 0.0726887
1.81125 0.0776026
1.81763 0.0770273
1.82392 0.0765239
1.83345 0.0764584
1.97042 0.0756511
1.97671 0.0749447
2.01194 0.0783266
2.04043 0.0772858
2.07881 0.0803751
2.1073 0.0823282
2.14568 0.0851622
2.17417 0.0865169
2.18046 0.0848273
2.2157 0.0829739
2.24419 0.0813521
2.25048 0.0799331
2.28571 0.0786915
2.3142 0.077605
2.3205 0.0766544
2.35258 0.0798226
2.38107 0.0818448
2.38737 0.0807392
2.41945 0.0830218
2.44794 0.0845191
2.45423 0.0830792
2.48632 0.0850693
2.51481 0.0863106
2.5211 0.0847718
2.5274 0.0833003
2.55634 0.0816378
2.58483 0.0801831
2.59741 0.0789102
2.62635 0.0777964
2.65484 0.0768218
2.66743 0.0759691
2.67372 0.075973
2.69322 0.0784764
2.72171 0.0805418
2.7343 0.0804741
2.74059 0.0795398
2.76009 0.0804723
2.78858 0.0822883
2.80117 0.0820023
2.80746 0.080877
2.82696 0.0815174
2.85545 0.0832027
2.86174 0.0819274
2.87118 0.0804364
2.87748 0.0791319
2.89698 0.0779904
2.92547 0.0769916
2.93176 0.0761176
2.9412 0.0753529
2.94749 0.0746838
2.96699 0.0740983
2.99548 0.073586
3.00178 0.0731378
3.00807 0.0736206
3.01436 0.073543
3.03386 0.0751001
3.06235 0.0777126
3.06865 0.0771235
3.07494 0.0766081
3.08123 0.0761571
3.10073 0.0773874
3.12922 0.079714
3.13551 0.0788748
3.14181 0.0781404
3.1481 0.0776229
3.15439 0.077045
3.17075 0.0761644
3.19924 0.0753938
3.20553 0.0747196
3.21182 0.0741297
3.21812 0.0736134
3.35509 0.0731618
3.37153 0.0740165
3.42196 0.0790145
3.43839 0.0795127
3.48883 0.0841986
3.50526 0.0841738
3.5557 0.088277
3.57213 0.0877424
3.57843 0.0858996
3.62571 0.0839122
3.64215 0.0821731
3.64844 0.0806515
3.69573 0.0793201
3.71217 0.078155
3.71846 0.0771357
3.7626 0.0817437
3.77903 0.0820257
3.78533 0.0808975
3.82947 0.0846603
3.8459 0.0844528
3.8522 0.0830212
3.89634 0.0865185
3.91277 0.0860787
3.91907 0.0845689
3.92536 0.0831228
3.96635 0.0814824
3.98279 0.0800471
3.98908 0.0787912
3.99538 0.0776923
4.03637 0.0767308
4.05281 0.0758894
4.0591 0.0751533
4.06539 0.0752591
4.10324 0.0793517
4.11967 0.0798077
4.12597 0.0789568
4.13226 0.0782122
4.17011 0.0815607
4.18654 0.0817406
4.19284 0.080648
4.19913 0.079817
4.23698 0.0828399
4.24327 0.0816099
4.25656 0.0801587
4.26285 0.0788888
4.26915 0.0777777
4.30699 0.0768055
4.31329 0.0759548
4.32658 0.0752105
4.33287 0.0745592
4.33916 0.0739893
4.37701 0.0736156
4.3833 0.0731637
4.39345 0.0740182
4.39974 0.0738909
4.40603 0.0739046
4.44388 0.0776665
4.45017 0.0770832
4.46031 0.0770728
4.46661 0.0765637
4.4729 0.0761182
4.51075 0.0796034
4.51704 0.078903
4.52718 0.0786651
4.53348 0.077957
4.53977 0.0773374
4.54606 0.0769202
4.58076 0.0760552
4.58706 0.0752983
4.5972 0.074636
4.60349 0.0740565
4.60979 0.0735494
4.61608 0.0731057
4.65078 0.0727175
4.65707 0.0723778
4.66722 0.0720806
4.67351 0.0718205
4.6798 0.071593
4.6861 0.0713938
4.71765 0.0750946
4.72394 0.0748328
4.73409 0.0751037
4.74038 0.0748407
4.74667 0.0746106
4.75297 0.0744093
4.78452 0.0773581
4.79081 0.0768134
4.80095 0.0768367
4.80725 0.0763571
4.81354 0.0759375
4.81983 0.0755703
4.85139 0.078499
4.85768 0.0778116
4.86397 0.0772102
4.87097 0.0763089
4.87726 0.0755203
4.88356 0.0748303
4.88985 0.0742265
4.9214 0.0736982
4.9277 0.0732359
4.93399 0.0728314
4.94099 0.0724775
4.94728 0.0721678
4.95357 0.0718968
4.95987 0.0716597
4.99142 0.0714522
4.99771 0.0712707
5.00401 0.0712369
5.0103 0.0719573
5.01659 0.0724626
5.02289 0.0727798
